{
  "stats": {
    "suites": 1,
    "tests": 1,
    "passes": 1,
    "pending": 0,
    "failures": 0,
    "start": "2020-03-13T22:10:53.308Z",
    "end": "2020-03-13T22:10:58.684Z",
    "duration": 5376,
    "testsRegistered": 1,
    "passPercent": 100,
    "pendingPercent": 0,
    "other": 0,
    "hasOther": false,
    "skipped": 0,
    "hasSkipped": false
  },
  "results": [
    {
      "uuid": "c341be68-46dd-4b95-808b-aa20a9d58b77",
      "title": "",
      "fullFile": "",
      "file": "",
      "beforeHooks": [],
      "afterHooks": [],
      "tests": [],
      "suites": [
        {
          "uuid": "994225b3-831b-4536-a2a6-d08ac6034c86",
          "title": "Formation",
          "fullFile": "",
          "file": "",
          "beforeHooks": [],
          "afterHooks": [],
          "tests": [
            {
              "title": "Formation (uid:ba4f120b-a9b9-49b3-ba98-f2fd9bc50ab6)",
              "fullTitle": "Formation Formation (uid:ba4f120b-a9b9-49b3-ba98-f2fd9bc50ab6)",
              "timedOut": null,
              "duration": 1646,
              "state": "passed",
              "speed": "slow",
              "pass": true,
              "fail": false,
              "pending": false,
              "context": null,
              "code": "// Navigate to Google page\n// Given I navigate to \"http://www.google.com/\"\nthis.actionwords.iNavigateToP1(\"http://www.google.com/\");",
              "err": {},
              "uuid": "7e04e578-e0dd-45f0-9fd9-f3c3a4fafdeb",
              "parentUUID": "994225b3-831b-4536-a2a6-d08ac6034c86",
              "isHook": false,
              "skipped": false
            }
          ],
          "suites": [],
          "passes": [
            "7e04e578-e0dd-45f0-9fd9-f3c3a4fafdeb"
          ],
          "failures": [],
          "pending": [],
          "skipped": [],
          "duration": 1646,
          "root": false,
          "rootEmpty": false,
          "_timeout": 2000
        }
      ],
      "passes": [],
      "failures": [],
      "pending": [],
      "skipped": [],
      "duration": 0,
      "root": true,
      "rootEmpty": true,
      "_timeout": 2000
    }
  ],
  "meta": {
    "mocha": {
      "version": "5.2.0"
    },
    "mochawesome": {
      "options": {
        "quiet": false,
        "reportFilename": "mochawesome",
        "saveHtml": false,
        "saveJson": true,
        "useInlineDiffs": false
      },
      "version": "4.0.0"
    },
    "marge": {
      "options": {
        "id": "default",
        "token": "15ad72b6-1fe5-4140-91be-b72175ecf019",
        "endpoint": "http://web.demo.reportportal.io/api/v1",
        "launch": "wralitera_TEST_EXAMPLE",
        "project": "wralitera_personal",
        "attachScreenshots": true,
        "showPassedHooks": false,
        "reportDir": "multiple-results/results",
        "overwrite": false,
        "html": false,
        "json": true
      },
      "version": "4.0.1"
    }
  }
}